2022-07-07 11:56:48,458 root  INFO reversed order [{'key1': 'sudh', 234: [23, 234, 45, 656]}, (234, 6657, 6), [345, 56, 87, 8, 98, 9], [23, 456, 67, 8, 78, 78], 7, 6, 5, 4, 3]
2022-07-07 11:56:48,458 root  INFO 234is present 
2022-07-07 11:56:48,458 root  INFO 456is present um
2022-07-07 11:56:48,458 root  INFO The collections of the list are [[23, 456, 67, 8, 78, 78], [345, 56, 87, 8, 98, 9], [23, 234, 45, 656]]
2022-07-07 11:56:48,458 root  INFO ['key1', 234]
2022-07-07 11:58:09,646 root  INFO reversed order [{'key1': 'sudh', 234: [23, 234, 45, 656]}, (234, 6657, 6), [345, 56, 87, 8, 98, 9], [23, 456, 67, 8, 78, 78], 7, 6, 5, 4, 3]
2022-07-07 11:58:09,647 root  INFO 234is present 
2022-07-07 11:58:09,647 root  INFO 456is present um
2022-07-07 11:58:09,647 root  INFO The collections of the list are [[23, 456, 67, 8, 78, 78], [345, 56, 87, 8, 98, 9], [23, 234, 45, 656]]
2022-07-07 11:58:09,647 root  INFO ['key1', 234]
2022-07-07 11:58:27,985 root  INFO reversed order [{'key1': 'sudh', 234: [23, 234, 45, 656]}, (234, 6657, 6), [345, 56, 87, 8, 98, 9], [23, 456, 67, 8, 78, 78], 7, 6, 5, 4, 3]
2022-07-07 11:58:27,985 root  INFO 234is present 
2022-07-07 11:58:27,985 root  INFO 456is present um
2022-07-07 11:58:27,985 root  INFO The collections of the list are [[23, 456, 67, 8, 78, 78], [345, 56, 87, 8, 98, 9], [23, 234, 45, 656]]
2022-07-07 11:58:27,985 root  INFO ['key1', 234]
2022-07-07 11:58:36,665 root  INFO reversed order [{'key1': 'sudh', 234: [23, 234, 45, 656]}, (234, 6657, 6), [345, 56, 87, 8, 98, 9], [23, 456, 67, 8, 78, 78], 7, 6, 5, 4, 3]
2022-07-07 11:58:36,666 root  INFO 234is present 
2022-07-07 11:58:36,666 root  INFO 456is present um
2022-07-07 11:58:36,666 root  INFO The collections of the list are [[23, 456, 67, 8, 78, 78], [345, 56, 87, 8, 98, 9], [23, 234, 45, 656]]
2022-07-07 11:58:36,666 root  INFO ['key1', 234]
2022-07-07 11:58:36,666 root  INFO ['sudh', [23, 234, 45, 656]]
